<?xml version="1.0" encoding="UTF-8"?>
<!-- Generated by org.testng.reporters.JUnitXMLReporter -->
<testsuite ignored="0" hostname="DatBOI" failures="0" tests="6" name="Test" time="0.44" errors="0" timestamp="2023-08-02T16:36:20 EDT">
  <testcase classname="usingInheritenceInAutomation.LoginTest" name="@BeforeMethod setUp" time="0.176">
    <failure type="java.lang.IllegalArgumentException" message="Driver options must be set">
      <![CDATA[java.lang.IllegalArgumentException: Driver options must be set
at org.openqa.selenium.internal.Require.nonNull(Require.java:60)
at org.openqa.selenium.edge.EdgeDriver.generateExecutor(EdgeDriver.java:67)
at org.openqa.selenium.edge.EdgeDriver.<init>(EdgeDriver.java:59)
at org.openqa.selenium.edge.EdgeDriver.<init>(EdgeDriver.java:55)
at org.openqa.selenium.edge.EdgeDriver.<init>(EdgeDriver.java:47)
at usingInheritenceInAutomation.LoginTest.setUp(LoginTest.java:20)
at java.base/java.util.ArrayList.forEach(ArrayList.java:1511)
... Removed 31 stack frames]]>
    </failure>
  </testcase> <!-- @BeforeMethod setUp -->
  <testcase classname="usingInheritenceInAutomation.LoginTest" name="@AfterMethod tearDown" time="0.0">
    <skipped/>
  </testcase> <!-- @AfterMethod tearDown -->
  <testcase classname="usingInheritenceInAutomation.LoginTest" name="@BeforeMethod setUp" time="0.0">
    <skipped/>
  </testcase> <!-- @BeforeMethod setUp -->
  <testcase classname="usingInheritenceInAutomation.LoginTest" name="@AfterMethod tearDown" time="0.0">
    <skipped/>
  </testcase> <!-- @AfterMethod tearDown -->
  <testcase classname="usingInheritenceInAutomation.RegisterTest" name="@BeforeMethod BrowserSetup" time="0.004">
    <failure type="java.lang.IllegalArgumentException" message="Driver options must be set">
      <![CDATA[java.lang.IllegalArgumentException: Driver options must be set
at org.openqa.selenium.internal.Require.nonNull(Require.java:60)
at org.openqa.selenium.edge.EdgeDriver.generateExecutor(EdgeDriver.java:67)
at org.openqa.selenium.edge.EdgeDriver.<init>(EdgeDriver.java:59)
at org.openqa.selenium.edge.EdgeDriver.<init>(EdgeDriver.java:55)
at org.openqa.selenium.edge.EdgeDriver.<init>(EdgeDriver.java:47)
at usingInheritenceInAutomation.RegisterTest.BrowserSetup(RegisterTest.java:20)
at java.base/java.util.ArrayList.forEach(ArrayList.java:1511)
... Removed 31 stack frames]]>
    </failure>
  </testcase> <!-- @BeforeMethod BrowserSetup -->
  <testcase classname="usingInheritenceInAutomation.RegisterTest" name="@AfterMethod tearDown" time="0.0">
    <skipped/>
  </testcase> <!-- @AfterMethod tearDown -->
  <testcase classname="usingInheritenceInAutomation.RegisterTest" name="@BeforeMethod BrowserSetup" time="0.0">
    <skipped/>
  </testcase> <!-- @BeforeMethod BrowserSetup -->
  <testcase classname="usingInheritenceInAutomation.RegisterTest" name="@AfterMethod tearDown" time="0.0">
    <skipped/>
  </testcase> <!-- @AfterMethod tearDown -->
  <testcase classname="usingInheritenceInAutomation.SearchProductTest" name="@BeforeMethod BrowserSetup" time="0.004">
    <failure type="java.lang.IllegalArgumentException" message="Driver options must be set">
      <![CDATA[java.lang.IllegalArgumentException: Driver options must be set
at org.openqa.selenium.internal.Require.nonNull(Require.java:60)
at org.openqa.selenium.edge.EdgeDriver.generateExecutor(EdgeDriver.java:67)
at org.openqa.selenium.edge.EdgeDriver.<init>(EdgeDriver.java:59)
at org.openqa.selenium.edge.EdgeDriver.<init>(EdgeDriver.java:55)
at org.openqa.selenium.edge.EdgeDriver.<init>(EdgeDriver.java:47)
at usingInheritenceInAutomation.SearchProductTest.BrowserSetup(SearchProductTest.java:18)
at java.base/java.util.ArrayList.forEach(ArrayList.java:1511)
... Removed 31 stack frames]]>
    </failure>
  </testcase> <!-- @BeforeMethod BrowserSetup -->
  <testcase classname="usingInheritenceInAutomation.SearchProductTest" name="@BeforeMethod BrowserSetup" time="0.0">
    <skipped/>
  </testcase> <!-- @BeforeMethod BrowserSetup -->
  <testcase classname="usingInheritenceInAutomation.LoginTest" name="verifyLoginWithValidCredentials" time="0.0">
    <skipped/>
  </testcase> <!-- verifyLoginWithValidCredentials -->
  <testcase classname="usingInheritenceInAutomation.LoginTest" name="verifyLoginWithInValidCredentials" time="0.0">
    <skipped/>
  </testcase> <!-- verifyLoginWithInValidCredentials -->
  <testcase classname="usingInheritenceInAutomation.RegisterTest" name="RegisterAccountWithValidRequirements" time="0.0">
    <skipped/>
  </testcase> <!-- RegisterAccountWithValidRequirements -->
  <testcase classname="usingInheritenceInAutomation.RegisterTest" name="RegisterAccountWithInvalidRequirements" time="0.0">
    <skipped/>
  </testcase> <!-- RegisterAccountWithInvalidRequirements -->
  <testcase classname="usingInheritenceInAutomation.SearchProductTest" name="searchForValidproduct" time="0.001">
    <skipped/>
  </testcase> <!-- searchForValidproduct -->
  <testcase classname="usingInheritenceInAutomation.SearchProductTest" name="searchForInValidproduct" time="0.0">
    <skipped/>
  </testcase> <!-- searchForInValidproduct -->
</testsuite> <!-- Test -->
