<!DOCTYPE html PUBLIC "-//W3C//DTD XHTML 1.1//EN" "https://www.w3.org/TR/xhtml11/DTD/xhtml11.dtd">
<html xmlns="https://www.w3.org/1999/xhtml">
<head>
<meta http-equiv="content-type" content="text/html; charset=UTF-8"/>
<title>TestNG Report</title>
<style type="text/css">table {margin-bottom:10px;border-collapse:collapse;empty-cells:show}th,td {border:1px solid #009;padding:.25em .5em}th {vertical-align:bottom}td {vertical-align:top}table a {font-weight:bold}.stripe td {background-color: #E6EBF9}.num {text-align:right}.passedodd td {background-color: #3F3}.passedeven td {background-color: #0A0}.skippedodd td {background-color: #DDD}.skippedeven td {background-color: #CCC}.failedodd td,.attn {background-color: #F33}.failedeven td,.stripe .attn {background-color: #D00}.stacktrace {white-space:pre;font-family:monospace}.totop {font-size:85%;text-align:center;border-bottom:2px solid #000}.invisible {display:none}</style>
</head>
<body>
<table>
<tr><th>Test</th><th># Passed</th><th># Skipped</th><th># Retried</th><th># Failed</th><th>Time (ms)</th><th>Included Groups</th><th>Excluded Groups</th></tr>
<tr><th colspan="8">Suite</th></tr>
<tr><td><a href="#t0">Test</a></td><td class="num">4</td><td class="num attn">1</td><td class="num">0</td><td class="num attn">2</td><td class="num">77,056</td><td></td><td></td></tr>
</table>
<table id='summary'><thead><tr><th>Class</th><th>Method</th><th>Start</th><th>Time (ms)</th></tr></thead><tbody><tr><th colspan="4">Suite</th></tr></tbody><tbody id="t0"><tr><th colspan="4">Test &#8212; failed</th></tr><tr class="failedeven"><td rowspan="1">listenersInAutomation.TN_login</td><td><a href="#m0">LoginWithValidCredentials</a></td><td rowspan="1">1691436532547</td><td rowspan="1">72</td></tr><tr class="failedodd"><td rowspan="1">listenersInAutomation.TestCaseForListenersLoginRediff</td><td><a href="#m1">enterValidCredentials</a></td><td rowspan="1">1691436483059</td><td rowspan="1">1068</td></tr><tr><th colspan="4">Test &#8212; skipped</th></tr><tr class="skippedeven"><td rowspan="1">listenersInAutomation.TestCaseForListenersLoginRediff</td><td><a href="#m2">clickOnSignInButton</a></td><td rowspan="1">1691436485756</td><td rowspan="1">0</td></tr><tr><th colspan="4">Test &#8212; passed</th></tr><tr class="passedeven"><td rowspan="1">listenersInAutomation.TN_Register</td><td><a href="#m3">RegisterAccountWithValidRequirements</a></td><td rowspan="1">1691436468702</td><td rowspan="1">3405</td></tr><tr class="passedodd"><td rowspan="3">listenersInAutomation.TestCaseForListenersLoginRediff</td><td><a href="#m4">clickOnLogoutLink</a></td><td rowspan="1">1691436489073</td><td rowspan="1">12271</td></tr><tr class="passedodd"><td><a href="#m5">clickOnReddifHomeLink</a></td><td rowspan="1">1691436506677</td><td rowspan="1">18224</td></tr><tr class="passedodd"><td><a href="#m6">clickOnSignInLink</a></td><td rowspan="1">1691436476911</td><td rowspan="1">2034</td></tr></tbody>
</table>
<h2>Test</h2><h3 id="m0">listenersInAutomation.TN_login#LoginWithValidCredentials</h3><table class="result"><tr><th>Exception</th></tr><tr><td><div class="stacktrace">org.openqa.selenium.NoSuchElementException: no such element: Unable to locate element: {&quot;method&quot;:&quot;css selector&quot;,&quot;selector&quot;:&quot;input#input-email&quot;}
  (Session info: MicrosoftEdge=115.0.1901.188)
For documentation on this error, please visit: https://www.selenium.dev/documentation/webdriver/troubleshooting/errors#no-such-element-exception
Build info: version: &apos;4.10.0&apos;, revision: &apos;c14d967899&apos;
System info: os.name: &apos;Windows 11&apos;, os.arch: &apos;amd64&apos;, os.version: &apos;10.0&apos;, java.version: &apos;17.0.7&apos;
Driver info: org.openqa.selenium.edge.EdgeDriver
Command: [57013035f34589bb1e8a104448911133, findElement {using=css selector, value=input#input-email}]
Capabilities {acceptInsecureCerts: false, browserName: msedge, browserVersion: 115.0.1901.188, ms:edgeOptions: {debuggerAddress: localhost:62798}, msedge: {msedgedriverVersion: 115.0.1901.188 (b51b39339c4..., userDataDir: C:\Users\ninja\AppData\Loca...}, networkConnectionEnabled: false, pageLoadStrategy: normal, platformName: windows, proxy: Proxy(), se:cdp: ws://localhost:62798/devtoo..., se:cdpVersion: 115.0.1901.188, setWindowRect: true, strictFileInteractability: false, timeouts: {implicit: 0, pageLoad: 300000, script: 30000}, unhandledPromptBehavior: dismiss and notify, webauthn:extension:credBlob: true, webauthn:extension:largeBlob: true, webauthn:extension:minPinLength: true, webauthn:extension:prf: true, webauthn:virtualAuthenticators: true}
Session ID: 57013035f34589bb1e8a104448911133
	at org.openqa.selenium.remote.codec.w3c.W3CHttpResponseCodec.createException(W3CHttpResponseCodec.java:199)
	at org.openqa.selenium.remote.codec.w3c.W3CHttpResponseCodec.decode(W3CHttpResponseCodec.java:132)
	at org.openqa.selenium.remote.codec.w3c.W3CHttpResponseCodec.decode(W3CHttpResponseCodec.java:51)
	at org.openqa.selenium.remote.HttpCommandExecutor.execute(HttpCommandExecutor.java:191)
	at org.openqa.selenium.remote.service.DriverCommandExecutor.invokeExecute(DriverCommandExecutor.java:196)
	at org.openqa.selenium.remote.service.DriverCommandExecutor.execute(DriverCommandExecutor.java:171)
	at org.openqa.selenium.remote.RemoteWebDriver.execute(RemoteWebDriver.java:531)
	at org.openqa.selenium.remote.ElementLocation$ElementFinder$2.findElement(ElementLocation.java:165)
	at org.openqa.selenium.remote.ElementLocation.findElement(ElementLocation.java:59)
	at org.openqa.selenium.remote.RemoteWebDriver.findElement(RemoteWebDriver.java:350)
	at org.openqa.selenium.remote.RemoteWebDriver.findElement(RemoteWebDriver.java:344)
	at listenersInAutomation.TN_login.LoginWithValidCredentials(TN_login.java:32)
	at java.base/java.util.ArrayList.forEach(ArrayList.java:1511)
... Removed 32 stack frames</div></td></tr></table><p class="totop"><a href="#summary">back to summary</a></p>
<h3 id="m1">listenersInAutomation.TestCaseForListenersLoginRediff#enterValidCredentials</h3><table class="result"><tr><th>Exception</th></tr><tr><td><div class="stacktrace">org.testng.internal.thread.ThreadTimeoutException: Method listenersInAutomation.TestCaseForListenersLoginRediff.enterValidCredentials() didn&apos;t finish within the time-out 1000
	at java.base@17.0.7/jdk.internal.misc.Unsafe.park(Native Method)
	at java.base@17.0.7/java.util.concurrent.locks.LockSupport.parkNanos(LockSupport.java:252)
	at java.base@17.0.7/java.util.concurrent.CompletableFuture$Signaller.block(CompletableFuture.java:1866)
	at java.base@17.0.7/java.util.concurrent.ForkJoinPool.unmanagedBlock(ForkJoinPool.java:3463)
	at java.base@17.0.7/java.util.concurrent.ForkJoinPool.managedBlock(ForkJoinPool.java:3434)
	at java.base@17.0.7/java.util.concurrent.CompletableFuture.timedGet(CompletableFuture.java:1939)
	at java.base@17.0.7/java.util.concurrent.CompletableFuture.get(CompletableFuture.java:2095)
	at app//org.asynchttpclient.netty.NettyResponseFuture.get(NettyResponseFuture.java:206)
	at app//org.openqa.selenium.remote.http.netty.NettyHttpHandler.makeCall(NettyHttpHandler.java:59)
	at app//org.openqa.selenium.remote.http.netty.NettyHttpHandler$$Lambda$360/0x0000000100373940.execute(Unknown Source)
	at app//org.openqa.selenium.remote.http.AddSeleniumUserAgent.lambda$apply$0(AddSeleniumUserAgent.java:42)
	at app//org.openqa.selenium.remote.http.AddSeleniumUserAgent$$Lambda$463/0x00000001003a6c18.execute(Unknown Source)
	at app//org.openqa.selenium.remote.http.Filter.lambda$andFinally$1(Filter.java:55)
	at app//org.openqa.selenium.remote.http.Filter$$Lambda$361/0x0000000100373b70.execute(Unknown Source)
	at app//org.openqa.selenium.remote.http.netty.NettyHttpHandler.execute(NettyHttpHandler.java:48)
	at app//org.openqa.selenium.remote.http.AddSeleniumUserAgent.lambda$apply$0(AddSeleniumUserAgent.java:42)
	at app//org.openqa.selenium.remote.http.AddSeleniumUserAgent$$Lambda$463/0x00000001003a6c18.execute(Unknown Source)
	at app//org.openqa.selenium.remote.http.Filter.lambda$andFinally$1(Filter.java:55)
	at app//org.openqa.selenium.remote.http.Filter$$Lambda$361/0x0000000100373b70.execute(Unknown Source)
	at app//org.openqa.selenium.remote.http.netty.NettyClient.execute(NettyClient.java:97)
	at app//org.openqa.selenium.remote.HttpCommandExecutor.execute(HttpCommandExecutor.java:188)
	at app//org.openqa.selenium.remote.service.DriverCommandExecutor.invokeExecute(DriverCommandExecutor.java:196)
	at app//org.openqa.selenium.remote.service.DriverCommandExecutor.execute(DriverCommandExecutor.java:171)
	at app//org.openqa.selenium.remote.RemoteWebDriver.execute(RemoteWebDriver.java:531)
	at app//org.openqa.selenium.remote.RemoteWebElement.execute(RemoteWebElement.java:242)
	at app//org.openqa.selenium.remote.RemoteWebElement.click(RemoteWebElement.java:77)
	at app//listenersInAutomation.TestCaseForListenersLoginRediff.enterValidCredentials(TestCaseForListenersLoginRediff.java:46)
	at java.base@17.0.7/java.util.concurrent.FutureTask.run(FutureTask.java:264)
	at java.base@17.0.7/java.util.concurrent.ThreadPoolExecutor.runWorker(ThreadPoolExecutor.java:1136)
	at java.base@17.0.7/java.util.concurrent.ThreadPoolExecutor$Worker.run(ThreadPoolExecutor.java:635)
	at java.base@17.0.7/java.lang.Thread.run(Thread.java:833)
... Removed 8 stack frames</div></td></tr></table><p class="totop"><a href="#summary">back to summary</a></p>
<h3 id="m2">listenersInAutomation.TestCaseForListenersLoginRediff#clickOnSignInButton</h3><table class="result"><tr><th>Exception</th></tr><tr><td><div class="stacktrace">java.lang.Throwable: Method listenersInAutomation.TestCaseForListenersLoginRediff.clickOnSignInButton() on instance listenersInAutomation.TestCaseForListenersLoginRediff@61c4eee0 depends on not successfully finished methods 
[listenersInAutomation.TestCaseForListenersLoginRediff.enterValidCredentials() on instance listenersInAutomation.TestCaseForListenersLoginRediff@61c4eee0]
	at java.base/java.util.ArrayList.forEach(ArrayList.java:1511)
... Removed 18 stack frames</div></td></tr></table><p class="totop"><a href="#summary">back to summary</a></p>
<h3 id="m3">listenersInAutomation.TN_Register#RegisterAccountWithValidRequirements</h3><table class="result"><tr><th class="invisible"/></tr></table><p class="totop"><a href="#summary">back to summary</a></p>
<h3 id="m4">listenersInAutomation.TestCaseForListenersLoginRediff#clickOnLogoutLink</h3><table class="result"><tr><th class="invisible"/></tr></table><p class="totop"><a href="#summary">back to summary</a></p>
<h3 id="m5">listenersInAutomation.TestCaseForListenersLoginRediff#clickOnReddifHomeLink</h3><table class="result"><tr><th class="invisible"/></tr></table><p class="totop"><a href="#summary">back to summary</a></p>
<h3 id="m6">listenersInAutomation.TestCaseForListenersLoginRediff#clickOnSignInLink</h3><table class="result"><tr><th class="invisible"/></tr></table><p class="totop"><a href="#summary">back to summary</a></p>
</body>
</html>
